#compdef gnd

_gnd_ids() {
  local -a ids
  ids=("${(@f)$(gnd complete ids --prefix "$words[CURRENT]" 2>/dev/null)}")
  _describe 'gnd ids' ids
}

_gnd() {
  local -a commands
  commands=(
    'check:validate every reference in a repo'
    'show:print one declaration body by ID'
    'list:list declared IDs'
    'refs:list citations of an ID'
    'cover:group citations by file'
    'fmt:normalize citation syntax'
    'name:emit the next conflict-free ID'
    'init:scaffold agents.md and config'
    'config:inspect the effective config'
    'agent-setup-instructions:print the guided setup instructions for AI agents'
    'completions:print shell completion script'
  )

  if (( CURRENT == 2 )); then
    _describe 'gnd command' commands
    return
  fi

  case "$words[2]" in
    show|refs) _gnd_ids ;;
    *) _files ;;
  esac
}

_gnd "$@"

